<?xml version="1.0" encoding="UTF-8"?>
<!-- Generated by org.testng.reporters.JUnitReportReporter -->
<testsuite hostname="QSPTRAINER" failures="0" tests="1" name="practicetestNG.Practice_1" time="0.012" errors="0" timestamp="18 Jul 2022 11:15:14 GMT" skipped="0">
  <testcase classname="practicetestNG.Practice_1" name="test" time="0.012"/>
</testsuite> <!-- practicetestNG.Practice_1 -->
