<?xml version="1.0" encoding="UTF-8"?>
<!-- Generated by org.testng.reporters.JUnitReportReporter -->
<testsuite hostname="QSPTRAINER" failures="0" tests="1" name="practicetestNG.PracticeTest_2" time="0.002" errors="0" timestamp="18 Jul 2022 11:15:14 GMT" skipped="0">
  <testcase classname="practicetestNG.PracticeTest_2" name="test" time="0.002"/>
</testsuite> <!-- practicetestNG.PracticeTest_2 -->
